[2016-04-28 14:06:33.186] ERROR RequestToken.Error 6 
MSG:invalid code, hints: [ req_id: fI_jXa0606ns54 ];Code:40029
[2016-04-28 14:07:03.563] ERROR Getuser.Error 6 
MSG:开始判断openidId;openId:oBt_NvgP_hmKQvzedK2W_riOgsvw
[2016-04-28 14:07:07.063] ERROR Getuser.Error 6 
MSG:判断成功/开始获取UserInfo;openId:oBt_NvgP_hmKQvzedK2W_riOgsvw
[2016-04-28 14:10:20.541] ERROR RequestToken.Error 7 
MSG:invalid code, hints: [ req_id: sT3pGa0834ns45 ];Code:40029
[2016-04-28 14:10:35.573] ERROR Getuser.Error 7 
MSG:开始判断openidId;openId:oBt_NvgP_hmKQvzedK2W_riOgsvw
[2016-04-28 14:10:37.311] ERROR Getuser.Error 7 
MSG:判断成功/开始获取UserInfo;openId:oBt_NvgP_hmKQvzedK2W_riOgsvw
[2016-04-28 14:13:01.879] ERROR RequestToken.Error 5 
MSG:invalid code, hints: [ req_id: yG.3gA0995ns87 ];Code:40029
[2016-04-28 14:13:11.874] ERROR Getuser.Error 5 
MSG:开始判断openidId;openId:oBt_NvgP_hmKQvzedK2W_riOgsvw
[2016-04-28 14:13:13.164] ERROR Getuser.Error 5 
MSG:判断成功/开始获取UserInfo;openId:oBt_NvgP_hmKQvzedK2W_riOgsvw
[2016-04-28 14:15:45.065] ERROR RequestToken.Error 6 
MSG:invalid code, hints: [ req_id: iM5Z40158ns86 ];Code:40029
[2016-04-28 14:15:57.116] ERROR Getuser.Error 6 
MSG:开始判断openidId;openId:oBt_NvgP_hmKQvzedK2W_riOgsvw
[2016-04-28 14:15:58.043] ERROR Getuser.Error 6 
MSG:判断成功/开始获取UserInfo;openId:oBt_NvgP_hmKQvzedK2W_riOgsvw
[2016-04-28 14:18:11.573] ERROR RequestToken.Error 6 
MSG:invalid code, hints: [ req_id: czIaNa0305ns47 ];Code:40029
[2016-04-28 14:18:27.428] ERROR Getuser.Error 6 
MSG:开始判断openidId;openId:oBt_NvgP_hmKQvzedK2W_riOgsvw
[2016-04-28 14:18:28.834] ERROR Getuser.Error 6 
MSG:判断成功/开始获取UserInfo;openId:oBt_NvgP_hmKQvzedK2W_riOgsvw
[2016-04-28 14:19:01.796] ERROR RequestToken.Error 6 
MSG:invalid code, hints: [ req_id: vk.lAA0355ns90 ];Code:40029
[2016-04-28 14:19:06.731] ERROR Getuser.Error 6 
MSG:开始判断openidId;openId:
